build/app/outputs/mapping/release/seeds.txt
io.grpc.okhttp.OkHttpChannelBuilder: io.grpc.okhttp.OkHttpChannelBuilder forTarget(java.lang.String)
com.google.common.util.concurrent.DirectExecutor: com.google.common.util.concurrent.DirectExecutor[] values()
androidx.window.core.Version$bigInteger$2: Version$bigInteger$2(androidx.window.core.Version)
io.flutter.plugins.firebase.storage.FlutterFirebaseAppRegistrar: FlutterFirebaseAppRegistrar()
androidx.window.layout.SidecarCompat$Companion: androidx.window.core.Version getSidecarVersion()
com.google.android.gms.measurement.AppMeasurement: void logEventInternal(java.lang.String,java.lang.String,android.os.Bundle)
androidx.window.layout.ExtensionWindowLayoutInfoBackend$MulticastConsumer: void addListener(androidx.core.util.Consumer)
com.google.android.gms.measurement.internal.AppMeasurementDynamiteService: void resetAnalyticsData(long)
com.google.firebase.firestore.DocumentSnapshot$ServerTimestampBehavior: com.google.firebase.firestore.DocumentSnapshot$ServerTimestampBehavior[] values()
androidx.window.embedding.SplitController: SplitController(kotlin.jvm.internal.DefaultConstructorMarker)
io.grpc.okhttp.OkHttpChannelBuilder: io.grpc.okhttp.OkHttpChannelBuilder transportExecutor(java.util.concurrent.Executor)
com.google.android.gms.measurement.internal.AppMeasurementDynamiteService: void onActivitySaveInstanceState(com.google.android.gms.dynamic.IObjectWrapper,com.google.android.gms.internal.measurement.zzcf,long)
io.grpc.internal.GrpcUtil$Http2Error: io.grpc.internal.GrpcUtil$Http2Error[] values()
kotlin.jvm.internal.CallableReference: CallableReference(java.lang.Object,java.lang.Class,java.lang.String,java.lang.String,boolean)
io.flutter.plugin.editing.ImeSyncDeferringInsetsCallback: int access$100(io.flutter.plugin.editing.ImeSyncDeferringInsetsCallback)
kotlin.jvm.internal.CallableReference: java.util.List getAnnotations()
io.flutter.embedding.engine.FlutterJNI: void nativeUpdateRefreshRate(float)
io.flutter.embedding.engine.FlutterJNI: boolean nativeGetIsSoftwareRenderingEnabled()
kotlin.coroutines.jvm.internal.SuspendLambda: SuspendLambda(int,kotlin.coroutines.Continuation)
androidx.window.embedding.ExtensionEmbeddingBackend: androidx.window.embedding.ExtensionEmbeddingBackend access$getGlobalInstance$cp()
io.flutter.view.AccessibilityViewEmbedder: android.view.accessibility.AccessibilityNodeInfo getRootNode(android.view.View,int,android.graphics.Rect)
com.google.firebase.firestore.Query$Direction: com.google.firebase.firestore.Query$Direction valueOf(java.lang.String)
io.flutter.embedding.engine.FlutterJNI: void nativeInvokePlatformMessageEmptyResponseCallback(long,int)
androidx.window.embedding.ActivityStack: ActivityStack(java.util.List,boolean,int,kotlin.jvm.internal.DefaultConstructorMarker)
androidx.core.graphics.drawable.IconCompatParcelizer: void write(androidx.core.graphics.drawable.IconCompat,androidx.versionedparcelable.VersionedParcel)
androidx.window.core.Bounds: android.graphics.Rect toRect()
androidx.window.java.R: R()
androidx.window.core.Version: Version(int,int,int,java.lang.String,kotlin.jvm.internal.DefaultConstructorMarker)
io.flutter.embedding.android.FlutterSplashView$SavedState: android.os.Bundle access$702(io.flutter.embedding.android.FlutterSplashView$SavedState,android.os.Bundle)
androidx.window.layout.SidecarCompat$registerConfigurationChangeListener$configChangeObserver$1: void onLowMemory()
androidx.core.app.RemoteInput$Api20Impl: void addResultsToIntent(java.lang.Object,android.content.Intent,android.os.Bundle)
androidx.window.embedding.EmbeddingAdapter: EmbeddingAdapter()
androidx.window.core.Bounds: int getBottom()
androidx.core.view.ViewCompat$Api16Impl: int getImportantForAccessibility(android.view.View)
com.google.android.gms.measurement.AppMeasurement: int getMaxUserProperties(java.lang.String)
androidx.window.layout.SidecarWindowBackend: boolean isActivityRegistered(android.app.Activity)