build/app/outputs/mapping/release/mapping.txt
# compiler: R8
# compiler_version: 3.1.66
# min_api: 21
# pg_map_id: 3738704
# common_typos_disable
# {"id":"com.android.tools.r8.mapping","version":"1.0"}
...
com.google.firebase.firestore.model.mutation.NumericIncrementTransformOperation -> m2.j:
    com.google.firestore.v1.Value operand -> a
    com.google.firestore.v1.Value applyToLocalView(com.google.firestore.v1.Value,com.google.firebase.Timestamp) -> a
    com.google.firestore.v1.Value computeBaseValue(com.google.firestore.v1.Value) -> b
    com.google.firestore.v1.Value applyToRemoteDocument(com.google.firestore.v1.Value,com.google.firestore.v1.Value) -> c
    com.google.firestore.v1.Value getOperand() -> d
    double operandAsDouble() -> e
    long operandAsLong() -> f
    long safeIncrement(long,long) -> g
com.google.firebase.firestore.model.mutation.Overlay -> m2.k:
    com.google.firebase.firestore.model.mutation.Overlay create(int,com.google.firebase.firestore.model.mutation.Mutation) -> a
    com.google.firebase.firestore.model.DocumentKey getKey() -> b
    int getLargestBatchId() -> c
    com.google.firebase.firestore.model.mutation.Mutation getMutation() -> d
com.google.firebase.firestore.model.mutation.PatchMutation -> m2.l:
    com.google.firebase.firestore.model.mutation.FieldMask mask -> e
    com.google.firebase.firestore.model.ObjectValue value -> d
    com.google.firebase.firestore.model.mutation.FieldMask applyToLocalView(com.google.firebase.firestore.model.MutableDocument,com.google.firebase.firestore.model.mutation.FieldMask,com.google.firebase.Timestamp) -> a
    void applyToRemoteDocument(com.google.firebase.firestore.model.MutableDocument,com.google.firebase.firestore.model.mutation.MutationResult) -> b
    com.google.firebase.firestore.model.mutation.FieldMask getFieldMask() -> e
    java.util.List getFieldTransformPaths() -> o
    java.util.Map getPatch() -> p
    com.google.firebase.firestore.model.ObjectValue getValue() -> q
com.google.firebase.firestore.model.mutation.Precondition -> m2.m:
    com.google.firebase.firestore.model.SnapshotVersion updateTime -> a
    com.google.firebase.firestore.model.mutation.Precondition NONE -> c
    java.lang.Boolean exists -> b
    com.google.firebase.firestore.model.mutation.Precondition exists(boolean) -> a
    java.lang.Boolean getExists() -> b
    com.google.firebase.firestore.model.SnapshotVersion getUpdateTime() -> c
    boolean isNone() -> d
    boolean isValidFor(com.google.firebase.firestore.model.MutableDocument) -> e
    com.google.firebase.firestore.model.mutation.Precondition updateTime(com.google.firebase.firestore.model.SnapshotVersion) -> f
com.google.firebase.firestore.model.mutation.ServerTimestampOperation -> m2.n:
    com.google.firebase.firestore.model.mutation.ServerTimestampOperation SHARED_INSTANCE -> a
    com.google.firestore.v1.Value applyToLocalView(com.google.firestore.v1.Value,com.google.firebase.Timestamp) -> a
    com.google.firestore.v1.Value computeBaseValue(com.google.firestore.v1.Value) -> b
    com.google.firestore.v1.Value applyToRemoteDocument(com.google.firestore.v1.Value,com.google.firestore.v1.Value) -> c
    com.google.firebase.firestore.model.mutation.ServerTimestampOperation getInstance() -> d
com.google.firebase.firestore.model.mutation.SetMutation -> m2.o:
    com.google.firebase.firestore.model.ObjectValue value -> d
    com.google.firebase.firestore.model.mutation.FieldMask applyToLocalView(com.google.firebase.firestore.model.MutableDocument,com.google.firebase.firestore.model.mutation.FieldMask,com.google.firebase.Timestamp) -> a
    void applyToRemoteDocument(com.google.firebase.firestore.model.MutableDocument,com.google.firebase.firestore.model.mutation.MutationResult) -> b
    com.google.firebase.firestore.model.mutation.FieldMask getFieldMask() -> e
    com.google.firebase.firestore.model.ObjectValue getValue() -> o