build/app/outputs/mapping/release/usage.txt
com.google.firestore.v1.ListenRequest$Builder:
    public com.google.firestore.v1.ListenRequest$Builder clearAddTarget()
    public com.google.firestore.v1.ListenRequest$Builder clearDatabase()
    public com.google.firestore.v1.ListenRequest$Builder clearLabels()
    public com.google.firestore.v1.ListenRequest$Builder clearRemoveTarget()
    public com.google.firestore.v1.ListenRequest$Builder clearTargetChange()
    public boolean containsLabels(java.lang.String)
    public com.google.firestore.v1.Target getAddTarget()
    public java.lang.String getDatabase()
    public com.google.protobuf.ByteString getDatabaseBytes()
    public java.util.Map getLabels()
    public int getLabelsCount()
    public java.util.Map getLabelsMap()
    public java.lang.String getLabelsOrDefault(java.lang.String,java.lang.String)
    public java.lang.String getLabelsOrThrow(java.lang.String)
    public int getRemoveTarget()
    public com.google.firestore.v1.ListenRequest$TargetChangeCase getTargetChangeCase()
    public boolean hasAddTarget()
    public boolean hasRemoveTarget()
    public com.google.firestore.v1.ListenRequest$Builder mergeAddTarget(com.google.firestore.v1.Target)
    public com.google.firestore.v1.ListenRequest$Builder putLabels(java.lang.String,java.lang.String)
    public com.google.firestore.v1.ListenRequest$Builder removeLabels(java.lang.String)
    public com.google.firestore.v1.ListenRequest$Builder setAddTarget(com.google.firestore.v1.Target$Builder)
com.google.firestore.v1.ListenRequest$LabelsDefaultEntryHolder:
    private void <init>()
com.google.firestore.v1.ListenRequest$TargetChangeCase
com.google.firestore.v1.ListenRequest:
    static synthetic void access$100(com.google.firestore.v1.ListenRequest)
    static synthetic void access$300(com.google.firestore.v1.ListenRequest)
    static synthetic void access$400(com.google.firestore.v1.ListenRequest,com.google.protobuf.ByteString)
    static synthetic void access$600(com.google.firestore.v1.ListenRequest,com.google.firestore.v1.Target)
    static synthetic void access$700(com.google.firestore.v1.ListenRequest)
    static synthetic void access$900(com.google.firestore.v1.ListenRequest)
    private void clearAddTarget()
    private void clearDatabase()
    private void clearRemoveTarget()
    private void clearTargetChange()
    public boolean containsLabels(java.lang.String)
    public com.google.firestore.v1.Target getAddTarget()
    public java.lang.String getDatabase()
    public com.google.protobuf.ByteString getDatabaseBytes()
    public java.util.Map getLabels()
    public int getLabelsCount()
    public java.util.Map getLabelsMap()
    public java.lang.String getLabelsOrDefault(java.lang.String,java.lang.String)
    public java.lang.String getLabelsOrThrow(java.lang.String)
    public int getRemoveTarget()
    public com.google.firestore.v1.ListenRequest$TargetChangeCase getTargetChangeCase()
    public boolean hasAddTarget()
    public boolean hasRemoveTarget()
    private com.google.protobuf.MapFieldLite internalGetLabels()
    private void mergeAddTarget(com.google.firestore.v1.Target)
com.google.firestore.v1.ListenRequestOrBuilder